<?xml version="1.0" encoding="UTF-8"?>
<!-- Generated by org.testng.reporters.JUnitReportReporter -->
<testsuite hostname="X7026772" name="com.crm.qa.testCases.HomePageTest" tests="3" failures="0" timestamp="20 Feb 2020 06:26:10 GMT" time="49.262" errors="0">
  <testcase name="VeriyHomeTitle" time="14.588" classname="com.crm.qa.testCases.HomePageTest"/>
  <testcase name="ContactPages" time="20.048" classname="com.crm.qa.testCases.HomePageTest"/>
  <testcase name="VerifyUserLabel" time="14.626" classname="com.crm.qa.testCases.HomePageTest"/>
</testsuite> <!-- com.crm.qa.testCases.HomePageTest -->
