<?xml version="1.0" encoding="UTF-8"?>
<!-- Generated by org.testng.reporters.JUnitReportReporter -->
<testsuite hostname="X7026772" name="com.crm.qa.testCases.LoginPageTest" tests="3" failures="0" timestamp="20 Feb 2020 06:26:10 GMT" time="30.175" errors="0">
  <testcase name="fgtPwdVerify" time="10.161" classname="com.crm.qa.testCases.LoginPageTest"/>
  <testcase name="LoginPageTitle" time="9.981" classname="com.crm.qa.testCases.LoginPageTest"/>
  <testcase name="loginTest" time="10.033" classname="com.crm.qa.testCases.LoginPageTest"/>
</testsuite> <!-- com.crm.qa.testCases.LoginPageTest -->
