<?xml version="1.0" encoding="UTF-8"?>
<!-- Generated by org.testng.reporters.JUnitReportReporter -->
<testsuite hostname="X7026772" name="com.crm.qa.testCases.HomePageTest" tests="3" failures="0" timestamp="20 Feb 2020 06:45:24 GMT" time="49.538" errors="0">
  <testcase name="ContactPages" time="19.683" classname="com.crm.qa.testCases.HomePageTest"/>
  <testcase name="VeriyHomeTitle" time="15.440" classname="com.crm.qa.testCases.HomePageTest"/>
  <testcase name="VerifyUserLabel" time="14.415" classname="com.crm.qa.testCases.HomePageTest"/>
</testsuite> <!-- com.crm.qa.testCases.HomePageTest -->
