<?xml version="1.0" encoding="UTF-8"?>
<!-- Generated by org.testng.reporters.JUnitReportReporter -->
<testsuite hostname="X7026772" name="com.crm.qa.testCases.ContactPage" tests="3" failures="0" timestamp="20 Feb 2020 06:45:24 GMT" time="49.873" errors="0">
  <testcase name="MultiplecontactCheckBox" time="17.493" classname="com.crm.qa.testCases.ContactPage"/>
  <testcase name="contactCheckBox" time="16.325" classname="com.crm.qa.testCases.ContactPage"/>
  <testcase name="GettotalNames" time="16.055" classname="com.crm.qa.testCases.ContactPage"/>
</testsuite> <!-- com.crm.qa.testCases.ContactPage -->
