<?xml version="1.0" encoding="UTF-8"?>
<!-- Generated by org.testng.reporters.JUnitReportReporter -->
<testsuite hostname="X7026772" name="com.crm.qa.testCases.LoginPageTest" tests="3" failures="0" timestamp="20 Feb 2020 06:45:24 GMT" time="28.905" errors="0">
  <testcase name="LoginPageTitle" time="9.527" classname="com.crm.qa.testCases.LoginPageTest"/>
  <testcase name="loginTest" time="9.532" classname="com.crm.qa.testCases.LoginPageTest"/>
  <testcase name="fgtPwdVerify" time="9.846" classname="com.crm.qa.testCases.LoginPageTest"/>
</testsuite> <!-- com.crm.qa.testCases.LoginPageTest -->
